Generated on 2019-09-24 11:51:53 by gEcon ver. 1.2.0 (2019-09-08)
http://gecon.r-forge.r-project.org/

Model name: rbc

1 WARNING, see bottom of this logfile


Variables selected for reduction:
    K_d[], L_d[]

Block: CONSUMER
 Definitions:
    u[] = (1 - eta)^-1 * (C[]^mu * (1 - L_s[])^(1 - mu))^(1 - eta)
 Controls:
    K_s[], C[], L_s[], I[]
 Objective:
    U[] = beta * E[][U[1]] + (1 - eta)^-1 * (C[]^mu * (1 - L_s[])^(1 - mu))^(1 - eta)
 Constraints:
    pi[] - C[] - I[] + K_s[-1] * r[] + L_s[] * W[] - psi * K_s[-1] * (-delta + K_s[-1]^-1 * I[])^2 = 0    (lambda__CONSUMER_1[])
    I[] - K_s[] + K_s[-1] * (1 - delta) = 0    (lambda__CONSUMER_2[])
 First order conditions:
    -lambda__CONSUMER_2[] + beta * ((1 - delta) * E[][lambda__CONSUMER_2[1]] + E[][lambda__CONSUMER_1[1] * (r[1] - psi * (-delta + K_s[]^-1 * I[1])^2 + 2 * psi * K_s[]^-1 * I[1] * (-delta + K_s[]^-1 * I[1]))]) = 0    (K_s[])
    -lambda__CONSUMER_1[] + mu * C[]^(-1 + mu) * (1 - L_s[])^(1 - mu) * (C[]^mu * (1 - L_s[])^(1 - mu))^(-eta) = 0    (C[])
    lambda__CONSUMER_1[] * W[] + (-1 + mu) * C[]^mu * (1 - L_s[])^(-mu) * (C[]^mu * (1 - L_s[])^(1 - mu))^(-eta) = 0    (L_s[])
    lambda__CONSUMER_2[] + lambda__CONSUMER_1[] * (-1 - 2 * psi * (-delta + K_s[-1]^-1 * I[])) = 0    (I[])

Block: FIRM
 Controls:
    K_d[], L_d[], Y[], pi[]
 Objective:
    PI[] = pi[]
 Constraints:
    -Y[] + A[] * K_d[]^alpha * L_d[]^(1 - alpha) = 0    (lambda__FIRM_1[])
    -pi[] + Y[] - r[] * K_d[] - L_d[] * W[] = 0    (lambda__FIRM_2[])
 First order conditions:
    -lambda__FIRM_2[] * r[] + alpha * lambda__FIRM_1[] * A[] * K_d[]^(-1 + alpha) * L_d[]^(1 - alpha) = 0    (K_d[])
    -lambda__FIRM_2[] * W[] + lambda__FIRM_1[] * A[] * (1 - alpha) * K_d[]^alpha * L_d[]^(-alpha) = 0    (L_d[])
    -lambda__FIRM_1[] + lambda__FIRM_2[] = 0    (Y[])
    1 - lambda__FIRM_2[] = 0    (pi[])
 First order conditions after reduction:
    -r[] + alpha * A[] * K_d[]^(-1 + alpha) * L_d[]^(1 - alpha) = 0    (K_d[])
    -W[] + A[] * (1 - alpha) * K_d[]^alpha * L_d[]^(-alpha) = 0    (L_d[])

Block: EQUILIBRIUM
 Identities:
    K_s[-1] - K_d[] = 0
    -L_d[] + L_s[] = 0

Block: EXOG
 Identities:
    -A[] + exp(epsilon_A[] + phi * log(A[-1])) = 0

Variables (11):
    pi[], r[], A[], C[], I[], K_s[], L_s[], PI[], U[], W[], Y[]

Shocks (1):
    epsilon_A[]

Parameters (7):
    alpha, beta, delta, eta, mu, phi, psi

Free parameters (6):
    beta, delta, eta, mu, phi, psi

Calibrated parameters (1):
    alpha

Equations (11):
 (1)  -pi[] + PI[] = 0
 (2)  -r[] + alpha * A[] * K_s[-1]^(-1 + alpha) * L_s[]^(1 - alpha) = 0
 (3)  -A[] + exp(epsilon_A[] + phi * log(A[-1])) = 0
 (4)  -W[] + A[] * (1 - alpha) * K_s[-1]^alpha * L_s[]^(-alpha) = 0
 (5)  -Y[] + A[] * K_s[-1]^alpha * L_s[]^(1 - alpha) = 0
 (6)  beta * (mu * E[][(r[1] - psi * (-delta + K_s[]^-1 * I[1])^2 + 2 * psi * K_s[]^-1 * I[1] * (-delta + K_s[]^-1 * I[1])) * C[1]^(-1 + mu) * (1 - L_s[1])^(1 - mu) * (C[1]^mu * (1 - L_s[1])^(1 - mu))^(-eta)] - mu * (1 - delta) * E[][(-1 - 2 * psi * (-delta + K_s[]^-1 * I[1])) * C[1]^(-1 + mu) * (1 - L_s[1])^(1 - mu) * (C[1]^mu * (1 - L_s[1])^(1 - mu))^(-eta)]) + mu * (-1 - 2 * psi * (-delta + K_s[-1]^-1 * I[])) * C[]^(-1 + mu) * (1 - L_s[])^(1 - mu) * (C[]^mu * (1 - L_s[])^(1 - mu))^(-eta) = 0
 (7)  (-1 + mu) * C[]^mu * (1 - L_s[])^(-mu) * (C[]^mu * (1 - L_s[])^(1 - mu))^(-eta) + mu * W[] * C[]^(-1 + mu) * (1 - L_s[])^(1 - mu) * (C[]^mu * (1 - L_s[])^(1 - mu))^(-eta) = 0
 (8)  I[] - K_s[] + K_s[-1] * (1 - delta) = 0
 (9)  U[] - beta * E[][U[1]] - (1 - eta)^-1 * (C[]^mu * (1 - L_s[])^(1 - mu))^(1 - eta) = 0
 (10)  -pi[] + Y[] - K_s[-1] * r[] - L_s[] * W[] = 0
 (11)  pi[] - C[] - I[] + K_s[-1] * r[] + L_s[] * W[] - psi * K_s[-1] * (-delta + K_s[-1]^-1 * I[])^2 = 0

Steady state equations (11):
 (1)  -pi[ss] + PI[ss] = 0
 (2)  -r[ss] + alpha * A[ss] * K_s[ss]^(-1 + alpha) * L_s[ss]^(1 - alpha) = 0
 (3)  -A[ss] + exp(phi * log(A[ss])) = 0
 (4)  -W[ss] + A[ss] * (1 - alpha) * K_s[ss]^alpha * L_s[ss]^(-alpha) = 0
 (5)  -Y[ss] + A[ss] * K_s[ss]^alpha * L_s[ss]^(1 - alpha) = 0
 (6)  beta * (mu * (r[ss] - psi * (-delta + I[ss] * K_s[ss]^-1)^2 + 2 * psi * I[ss] * K_s[ss]^-1 * (-delta + I[ss] * K_s[ss]^-1)) * C[ss]^(-1 + mu) * (1 - L_s[ss])^(1 - mu) * (C[ss]^mu * (1 - L_s[ss])^(1 - mu))^(-eta) - mu * (-1 - 2 * psi * (-delta + I[ss] * K_s[ss]^-1)) * (1 - delta) * C[ss]^(-1 + mu) * (1 - L_s[ss])^(1 - mu) * (C[ss]^mu * (1 - L_s[ss])^(1 - mu))^(-eta)) + mu * (-1 - 2 * psi * (-delta + I[ss] * K_s[ss]^-1)) * C[ss]^(-1 + mu) * (1 - L_s[ss])^(1 - mu) * (C[ss]^mu * (1 - L_s[ss])^(1 - mu))^(-eta) = 0
 (7)  (-1 + mu) * C[ss]^mu * (1 - L_s[ss])^(-mu) * (C[ss]^mu * (1 - L_s[ss])^(1 - mu))^(-eta) + mu * W[ss] * C[ss]^(-1 + mu) * (1 - L_s[ss])^(1 - mu) * (C[ss]^mu * (1 - L_s[ss])^(1 - mu))^(-eta) = 0
 (8)  I[ss] - K_s[ss] + K_s[ss] * (1 - delta) = 0
 (9)  U[ss] - beta * U[ss] - (1 - eta)^-1 * (C[ss]^mu * (1 - L_s[ss])^(1 - mu))^(1 - eta) = 0
 (10)  -pi[ss] + Y[ss] - r[ss] * K_s[ss] - L_s[ss] * W[ss] = 0
 (11)  pi[ss] - C[ss] - I[ss] + r[ss] * K_s[ss] + L_s[ss] * W[ss] - psi * K_s[ss] * (-delta + I[ss] * K_s[ss]^-1)^2 = 0

Calibrating equations (1):
 (1)  -0.36 * Y[ss] + r[ss] * K_s[ss] = 0

Parameter settings (6):
 (1)  beta = 0.99
 (2)  delta = 0.025
 (3)  eta = 2
 (4)  mu = 0.3
 (5)  phi = 0.95
 (6)  psi = 0.8


1 WARNING
(gEcon model warning 1): variable "K_d[]" selected for reduction appears in calibrating equation "-0.36 * Y[ss] + r[ss] * K_d[ss] = 0"
